<?xml version="1.0" encoding="UTF-8"?>
<!-- Generated by org.testng.reporters.JUnitXMLReporter -->
<<<<<<< HEAD
<testsuite hostname="Prasad" name="Login Test" tests="1"
	failures="1" timestamp="18 Jun 2020 11:07:49 GMT" time="63.859"
	errors="0">
	<testcase name="Inspire login page appear" time="1.361"
		classname="com.Inspire_Automation.TestRunner.TestRunner">
		<failure type="cucumber.runtime.CucumberException"
			message="cucumber.runtime.CucumberException: Failed to instantiate class com.Automation.StepDef.Login_StepDef">
      <![CDATA[cucumber.runtime.CucumberException: cucumber.runtime.CucumberException: Failed to instantiate class com.Automation.StepDef.Login_StepDef
	at cucumber.api.testng.TestNGCucumberRunner.runCucumber(TestNGCucumberRunner.java:69)
	at com.Inspire_Automation.TestRunner.TestRunner.feature(TestRunner.java:67)
	at java.util.concurrent.FutureTask.run(Unknown Source)
	at java.util.concurrent.Executors$RunnableAdapter.call(Unknown Source)
	at java.util.concurrent.FutureTask.run(Unknown Source)
	at java.util.concurrent.ThreadPoolExecutor.runWorker(Unknown Source)
	at java.util.concurrent.ThreadPoolExecutor$Worker.run(Unknown Source)
	at java.lang.Thread.run(Unknown Source)
Caused by: cucumber.runtime.CucumberException: Failed to instantiate class com.Automation.StepDef.Login_StepDef
	at cucumber.runtime.java.DefaultJavaObjectFactory.cacheNewInstance(DefaultJavaObjectFactory.java:47)
	at cucumber.runtime.java.DefaultJavaObjectFactory.getInstance(DefaultJavaObjectFactory.java:33)
=======
<testsuite hostname="Diksha" failures="1" tests="1" name="Login Test" time="159.651" errors="0" timestamp="18 Jun 2020 11:07:45 GMT">
  <testcase classname="com.Inspire_Automation.TestRunner.TestRunner" name="Files Tab functionality related scenario" time="140.859">
    <failure type="cucumber.runtime.CucumberException" message="org.openqa.selenium.TimeoutException: Expected condition failed: waiting for visibility of Proxy element for: DefaultElementLocator &amp;apos;By.xpath: /html/body/app-root/div/app-login/div/mat-toolbar/img&amp;apos; (tried for 20 second(s) with 500 milliseconds interval)">
      <![CDATA[cucumber.runtime.CucumberException: org.openqa.selenium.TimeoutException: Expected condition failed: waiting for visibility of Proxy element for: DefaultElementLocator 'By.xpath: /html/body/app-root/div/app-login/div/mat-toolbar/img' (tried for 20 second(s) with 500 milliseconds interval)
	at cucumber.api.testng.TestNGCucumberRunner.runCucumber(TestNGCucumberRunner.java:69)
	at com.Inspire_Automation.TestRunner.TestRunner.feature(TestRunner.java:67)
	at java.base/java.util.concurrent.FutureTask.run(FutureTask.java:264)
	at java.base/java.util.concurrent.Executors$RunnableAdapter.call(Executors.java:515)
	at java.base/java.util.concurrent.FutureTask.run(FutureTask.java:264)
	at java.base/java.util.concurrent.ThreadPoolExecutor.runWorker(ThreadPoolExecutor.java:1128)
	at java.base/java.util.concurrent.ThreadPoolExecutor$Worker.run(ThreadPoolExecutor.java:628)
	at java.base/java.lang.Thread.run(Thread.java:835)
Caused by: org.openqa.selenium.TimeoutException: Expected condition failed: waiting for visibility of Proxy element for: DefaultElementLocator 'By.xpath: /html/body/app-root/div/app-login/div/mat-toolbar/img' (tried for 20 second(s) with 500 milliseconds interval)
	at org.openqa.selenium.support.ui.WebDriverWait.timeoutException(WebDriverWait.java:95)
	at org.openqa.selenium.support.ui.FluentWait.until(FluentWait.java:272)
	at com.Automation.Helper.MasterHelper.waitForElement(MasterHelper.java:1272)
	at com.Automation.Pages.Login_Page.user_is_on_Inspire_Login_page(Login_Page.java:49)
	at com.Automation.StepDef.Login_StepDef.user_is_on_Inspire_Login_page(Login_StepDef.java:25)
	at âœ½.Given User is on Inspire Login page(ViewersFile.feature:5)
Caused by: org.openqa.selenium.NoSuchElementException: no such element: Unable to locate element: {"method":"xpath","selector":"/html/body/app-root/div/app-login/div/mat-toolbar/img"}
  (Session info: chrome=83.0.4103.97)
For documentation on this error, please visit: https://www.seleniumhq.org/exceptions/no_such_element.html
Build info: version: '3.141.59', revision: 'e82be7d358', time: '2018-11-14T08:17:03'
System info: host: 'DIKSHA', ip: '192.168.225.124', os.name: 'Windows 10', os.arch: 'amd64', os.version: '10.0', java.version: '12.0.2'
Driver info: org.openqa.selenium.chrome.ChromeDriver
Capabilities {acceptInsecureCerts: false, browserName: chrome, browserVersion: 83.0.4103.97, chrome: {chromedriverVersion: 83.0.4103.39 (ccbf011cb2d2b..., userDataDir: C:\Users\SANVEO~1\AppData\L...}, goog:chromeOptions: {debuggerAddress: localhost:60439}, javascriptEnabled: true, networkConnectionEnabled: false, pageLoadStrategy: normal, platform: WINDOWS, platformName: WINDOWS, proxy: Proxy(), setWindowRect: true, strictFileInteractability: false, timeouts: {implicit: 0, pageLoad: 300000, script: 30000}, unhandledPromptBehavior: dismiss and notify, webauthn:virtualAuthenticators: true}
Session ID: 27f8e52f2158682cb5cfd1bdf987f038
*** Element info: {Using=xpath, value=/html/body/app-root/div/app-login/div/mat-toolbar/img}
	at org.openqa.selenium.remote.http.W3CHttpResponseCodec.createException(W3CHttpResponseCodec.java:187)
	at org.openqa.selenium.remote.http.W3CHttpResponseCodec.decode(W3CHttpResponseCodec.java:122)
	at org.openqa.selenium.remote.http.W3CHttpResponseCodec.decode(W3CHttpResponseCodec.java:49)
	at org.openqa.selenium.remote.HttpCommandExecutor.execute(HttpCommandExecutor.java:158)
	at org.openqa.selenium.remote.service.DriverCommandExecutor.execute(DriverCommandExecutor.java:83)
	at org.openqa.selenium.remote.RemoteWebDriver.execute(RemoteWebDriver.java:552)
	at org.openqa.selenium.remote.RemoteWebDriver.findElement(RemoteWebDriver.java:323)
	at org.openqa.selenium.remote.RemoteWebDriver.findElementByXPath(RemoteWebDriver.java:428)
	at org.openqa.selenium.By$ByXPath.findElement(By.java:353)
	at org.openqa.selenium.remote.RemoteWebDriver.findElement(RemoteWebDriver.java:315)
	at org.openqa.selenium.support.pagefactory.DefaultElementLocator.findElement(DefaultElementLocator.java:69)
	at org.openqa.selenium.support.pagefactory.internal.LocatingElementHandler.invoke(LocatingElementHandler.java:38)
	at com.sun.proxy.$Proxy27.isDisplayed(Unknown Source)
	at org.openqa.selenium.support.ui.ExpectedConditions.elementIfVisible(ExpectedConditions.java:314)
	at org.openqa.selenium.support.ui.ExpectedConditions.access$000(ExpectedConditions.java:43)
	at org.openqa.selenium.support.ui.ExpectedConditions$10.apply(ExpectedConditions.java:300)
	at org.openqa.selenium.support.ui.ExpectedConditions$10.apply(ExpectedConditions.java:297)
	at org.openqa.selenium.support.ui.FluentWait.until(FluentWait.java:249)
	at com.Automation.Helper.MasterHelper.waitForElement(MasterHelper.java:1272)
	at com.Automation.Pages.Login_Page.user_is_on_Inspire_Login_page(Login_Page.java:49)
	at com.Automation.StepDef.Login_StepDef.user_is_on_Inspire_Login_page(Login_StepDef.java:25)
	at cucumber.runtime.Utils$1.call(Utils.java:40)
	at cucumber.runtime.Timeout.timeout(Timeout.java:16)
	at cucumber.runtime.Utils.invoke(Utils.java:34)
>>>>>>> c97eb411652e6987821928cc76c6e80670b4b923
	at cucumber.runtime.java.JavaStepDefinition.execute(JavaStepDefinition.java:38)
	at cucumber.runtime.StepDefinitionMatch.runStep(StepDefinitionMatch.java:37)
	at cucumber.runtime.Runtime.runStep(Runtime.java:300)
	at cucumber.runtime.model.StepContainer.runStep(StepContainer.java:44)
	at cucumber.runtime.model.StepContainer.runSteps(StepContainer.java:39)
<<<<<<< HEAD
	at cucumber.runtime.model.CucumberScenario.run(CucumberScenario.java:44)
	at cucumber.runtime.model.CucumberFeature.run(CucumberFeature.java:165)
	at cucumber.api.testng.TestNGCucumberRunner.runCucumber(TestNGCucumberRunner.java:63)
	... 16 more
	at cucumber.runtime.java.DefaultJavaObjectFactory.cacheNewInstance(DefaultJavaObjectFactory.java:41)
	... 25 more
Caused by: java.lang.NullPointerException
	at com.Automation.Helper.MasterHelper.<init>(MasterHelper.java:59)
	at com.Automation.Pages.Login_Page.<init>(Login_Page.java:14)
	at com.Automation.StepDef.Login_StepDef.<init>(Login_StepDef.java:15)
	... 30 more
... Removed 14 stack frames]]>
			=======
			at
			cucumber.runtime.model.CucumberScenario.runBackground(CucumberScenario.java:59)
			at
			cucumber.runtime.model.CucumberScenario.run(CucumberScenario.java:42)
			at
			cucumber.runtime.model.CucumberFeature.run(CucumberFeature.java:165)
			at
			cucumber.api.testng.TestNGCucumberRunner.runCucumber(TestNGCucumberRunner.java:63)
			at
			com.Inspire_Automation.TestRunner.TestRunner.feature(TestRunner.java:67)
			at java.base/java.util.concurrent.FutureTask.run(FutureTask.java:264)
			at
			java.base/java.util.concurrent.Executors$RunnableAdapter.call(Executors.java:515)
			at java.base/java.util.concurrent.FutureTask.run(FutureTask.java:264)
			at
			java.base/java.util.concurrent.ThreadPoolExecutor.runWorker(ThreadPoolExecutor.java:1128)
			at
			java.base/java.util.concurrent.ThreadPoolExecutor$Worker.run(ThreadPoolExecutor.java:628)
			at java.base/java.lang.Thread.run(Thread.java:835)
			... Removed 27 stack frames]]>
			>>>>>>> c97eb411652e6987821928cc76c6e80670b4b923
		</failure>
	</testcase> <!-- Files Tab functionality related scenario -->
</testsuite> <!-- Login Test -->
